<?xml version="1.0" encoding="UTF-8"?>
<!-- Generated by org.testng.reporters.JUnitReportReporter -->
<testsuite hostname="LAPTOP-GUS8QTCP" failures="0" tests="7" name="runner.RunnerMaster" time="0.112" errors="0" timestamp="2022-08-09T14:26:49 WIB" skipped="7">
  <testcase classname="runner.RunnerMaster" name="runScenario" time="0.009">
    <skipped/>
  </testcase> <!-- runScenario -->
  <system-out/>
  <testcase classname="runner.RunnerMaster" name="runScenario" time="0.013">
    <skipped/>
  </testcase> <!-- runScenario -->
  <system-out/>
  <testcase classname="runner.RunnerMaster" name="runScenario" time="0.007">
    <skipped/>
  </testcase> <!-- runScenario -->
  <system-out/>
  <testcase classname="runner.RunnerMaster" name="runScenario" time="0.005">
    <skipped/>
  </testcase> <!-- runScenario -->
  <system-out/>
  <testcase classname="runner.RunnerMaster" name="runScenario" time="0.006">
    <skipped/>
  </testcase> <!-- runScenario -->
  <system-out/>
  <testcase classname="runner.RunnerMaster" name="runScenario" time="0.006">
    <skipped/>
  </testcase> <!-- runScenario -->
  <system-out/>
  <testcase classname="runner.RunnerMaster" name="runScenario" time="0.066">
    <skipped/>
  </testcase> <!-- runScenario -->
  <system-out/>
</testsuite> <!-- runner.RunnerMaster -->
